[debug] [2024-10-18T06:00:40.207Z] ----------------------------------------------------------------------
[debug] [2024-10-18T06:00:40.208Z] Command:       /Users/santhakumarchigurupati/.nvm/versions/node/v20.18.0/bin/node /Users/santhakumarchigurupati/.nvm/versions/node/v20.18.0/bin/firebase init
[debug] [2024-10-18T06:00:40.209Z] CLI Version:   13.22.1
[debug] [2024-10-18T06:00:40.209Z] Platform:      darwin
[debug] [2024-10-18T06:00:40.209Z] Node Version:  v20.18.0
[debug] [2024-10-18T06:00:40.209Z] Time:          Fri Oct 18 2024 11:30:40 GMT+0530 (India Standard Time)
[debug] [2024-10-18T06:00:40.209Z] ----------------------------------------------------------------------
[debug] 
[debug] [2024-10-18T06:00:40.212Z] > command requires scopes: ["email","openid","https://www.googleapis.com/auth/cloudplatformprojects.readonly","https://www.googleapis.com/auth/firebase","https://www.googleapis.com/auth/cloud-platform"]
[debug] [2024-10-18T06:00:40.212Z] > authorizing via signed-in user (schigurupatis@gmail.com)
[info] 
     ######## #### ########  ######## ########     ###     ######  ########
     ##        ##  ##     ## ##       ##     ##  ##   ##  ##       ##
     ######    ##  ########  ######   ########  #########  ######  ######
     ##        ##  ##    ##  ##       ##     ## ##     ##       ## ##
     ##       #### ##     ## ######## ########  ##     ##  ######  ########

You're about to initialize a Firebase project in this directory:

  /Users/santhakumarchigurupati/CSK/Professional/Projects/RectJS/reactjs-projects/youtube

[info] 
=== Project Setup
[info] 
[info] First, let's associate this project directory with a Firebase project.
[info] You can create multiple project aliases by running firebase use --add, 
[info] but for now we'll just set up a default project.
[info] 
[debug] [2024-10-18T06:03:23.908Z] Checked if tokens are valid: true, expires at: 1729234764777
[debug] [2024-10-18T06:03:23.909Z] Checked if tokens are valid: true, expires at: 1729234764777
[debug] [2024-10-18T06:03:23.912Z] >>> [apiv2][query] GET https://firebase.googleapis.com/v1beta1/projects pageSize=100
[debug] [2024-10-18T06:03:53.914Z] *** [apiv2] error from fetch(https://firebase.googleapis.com/v1beta1/projects?pageSize=100, {"headers":{},"method":"GET","signal":{}}): AbortError: The user aborted a request.
[debug] [2024-10-18T06:03:53.915Z] Timeout reached making request to https://firebase.googleapis.com/v1beta1/projects?pageSize=100
[debug] [2024-10-18T06:03:58.927Z] Error: Timed out.
    at Timeout._onTimeout (/Users/santhakumarchigurupati/.nvm/versions/node/v20.18.0/lib/node_modules/firebase-tools/lib/utils.js:268:49)
    at listOnTimeout (node:internal/timers:581:17)
    at process.processTimers (node:internal/timers:519:7)
[error] 
[error] Error: An unexpected error has occurred.
[debug] [2024-10-18T06:04:39.538Z] ----------------------------------------------------------------------
[debug] [2024-10-18T06:04:39.541Z] Command:       /Users/santhakumarchigurupati/.nvm/versions/node/v20.18.0/bin/node /Users/santhakumarchigurupati/.nvm/versions/node/v20.18.0/bin/firebase login
[debug] [2024-10-18T06:04:39.541Z] CLI Version:   13.22.1
[debug] [2024-10-18T06:04:39.541Z] Platform:      darwin
[debug] [2024-10-18T06:04:39.541Z] Node Version:  v20.18.0
[debug] [2024-10-18T06:04:39.541Z] Time:          Fri Oct 18 2024 11:34:39 GMT+0530 (India Standard Time)
[debug] [2024-10-18T06:04:39.541Z] ----------------------------------------------------------------------
[debug] 
[info] Already logged in as schigurupatis@gmail.com
[debug] [2024-10-18T06:04:49.576Z] Error: Timed out.
    at Timeout._onTimeout (/Users/santhakumarchigurupati/.nvm/versions/node/v20.18.0/lib/node_modules/firebase-tools/lib/utils.js:268:49)
    at listOnTimeout (node:internal/timers:581:17)
    at process.processTimers (node:internal/timers:519:7)
[error] 
[error] Error: An unexpected error has occurred.
